{"C:\\Users\\User\\Desktop\\frontEnd\\oneBite_devStudy\\front-end-study\\dev-study\\jest-app\\src\\utils\\user.js": {"path":"C:\\Users\\User\\Desktop\\frontEnd\\oneBite_devStudy\\front-end-study\\dev-study\\jest-app\\src\\utils\\user.js","statementMap":{"0":{"start":{"line":2,"column":2},"end":{"line":5,"column":4}}},"fnMap":{"0":{"name":"getUser","decl":{"start":{"line":1,"column":16},"end":{"line":1,"column":23}},"loc":{"start":{"line":1,"column":28},"end":{"line":6,"column":1}},"line":1}},"branchMap":{},"s":{"0":2},"f":{"0":2},"b":{},"_coverageSchema":"1a1c01bbd47fc00a2c39e90264f33305004495a9","hash":"b26fad8cae55984439d95b29b2ff16eba7bdef81"}
}
